<?xml version="1.0" encoding="UTF-8"?>
<!-- Generated by org.testng.reporters.JUnitReportReporter -->
<testsuite skipped="0" hostname="KT-PC-030" name="com.HrOnBoarding.QA.TestCases.LoginScreenTest2" tests="3" failures="0" timestamp="28 Jun 2018 11:57:04 GMT" time="1.421" errors="0">
  <testcase name="verifyForgotPasswordLinkIsAvailable" time="0.066" classname="com.HrOnBoarding.QA.TestCases.LoginScreenTest2"/>
  <testcase name="verifyRememberMeLinkIsAvailable" time="0.036" classname="com.HrOnBoarding.QA.TestCases.LoginScreenTest2"/>
  <testcase name="verifyAdminLogin" time="1.319" classname="com.HrOnBoarding.QA.TestCases.LoginScreenTest2"/>
</testsuite> <!-- com.HrOnBoarding.QA.TestCases.LoginScreenTest2 -->
