<?xml version="1.0" encoding="UTF-8"?>
<!-- Generated by org.testng.reporters.JUnitReportReporter -->
<testsuite skipped="0" hostname="KT-PCLAP-004" name="com.HrOnBoarding.QA.TestCases.AddClientByAdminTest" tests="1" failures="0" timestamp="18 Jun 2018 14:54:08 GMT" time="55.801" errors="0">
  <testcase name="addClientByAdminUser" time="55.801" classname="com.HrOnBoarding.QA.TestCases.AddClientByAdminTest"/>
</testsuite> <!-- com.HrOnBoarding.QA.TestCases.AddClientByAdminTest -->
