<?xml version="1.0" encoding="UTF-8"?>
<!-- Generated by org.testng.reporters.JUnitReportReporter -->
<testsuite skipped="0" hostname="KT-PC-030" name="com.HrOnBoarding.QA.TestCases.LoginScreenTest" tests="3" failures="0" timestamp="28 Jun 2018 11:55:28 GMT" time="99.102" errors="0">
  <testcase name="verifyForgotPasswordLinkIsAvailable" time="27.213" classname="com.HrOnBoarding.QA.TestCases.LoginScreenTest"/>
  <testcase name="verifyAdminLogin" time="25.128" classname="com.HrOnBoarding.QA.TestCases.LoginScreenTest"/>
  <testcase name="verifyRememberMeLinkIsAvailable" time="46.761" classname="com.HrOnBoarding.QA.TestCases.LoginScreenTest"/>
</testsuite> <!-- com.HrOnBoarding.QA.TestCases.LoginScreenTest -->
