<?xml version="1.0" encoding="UTF-8"?>
<!-- Generated by org.testng.reporters.JUnitReportReporter -->
<testsuite skipped="2" hostname="KT-PC-030" name="com.HrOnBoarding.QA.TestCases.ForgotPasswordScreenTest" tests="3" failures="0" timestamp="28 Jun 2018 12:02:51 GMT" time="12.377" errors="1">
  <testcase name="verifyUserRerutnToLoginScreen" time="12.377" classname="com.HrOnBoarding.QA.TestCases.ForgotPasswordScreenTest">
    <error type="java.lang.StackOverflowError">
      <![CDATA[java.lang.StackOverflowErrorat java.nio.CharBuffer.wrap(Unknown Source)at sun.nio.cs.StreamEncoder.implWrite(Unknown Source)at sun.nio.cs.StreamEncoder.write(Unknown Source)at java.io.OutputStreamWriter.write(Unknown Source)at java.io.BufferedWriter.flushBuffer(Unknown Source)at java.io.PrintStream.write(Unknown Source)at java.io.PrintStream.print(Unknown Source)at java.io.PrintStream.println(Unknown Source)at com.redhu.Util.WebEventListener.onException(WebEventListener.java:60)at sun.reflect.GeneratedMethodAccessor1.invoke(Unknown Source)at sun.reflect.DelegatingMethodAccessorImpl.invoke(Unknown Source)at java.lang.reflect.Method.invoke(Unknown Source)at org.openqa.selenium.support.events.EventFiringWebDriver.lambda$new$0(EventFiringWebDriver.java:82)at com.sun.proxy.$Proxy6.onException(Unknown Source)at org.openqa.selenium.support.events.EventFiringWebDriver.lambda$new$1(EventFiringWebDriver.java:105)at com.sun.proxy.$Proxy7.getScreenshotAs(Unknown Source)at org.openqa.selenium.support.events.EventFiringWebDriver.getScreenshotAs(EventFiringWebDriver.java:286)at com.redhu.Util.TestUtil.takeScreenshotAtEndOfTest(TestUtil.java:25)at com.redhu.Util.WebEventListener.onException(WebEventListener.java:62)at sun.reflect.GeneratedMethodAccessor1.invoke(Unknown Source)at sun.reflect.DelegatingMethodAccessorImpl.invoke(Unknown Source)at java.lang.reflect.Method.invoke(Unknown Source)at org.openqa.selenium.support.events.EventFiringWebDriver.lambda$new$0(EventFiringWebDriver.java:82)at com.sun.proxy.$Proxy6.onException(Unknown Source)at org.openqa.selenium.support.events.EventFiringWebDriver.lambda$new$1(EventFiringWebDriver.java:105)at com.sun.proxy.$Proxy7.getScreenshotAs(Unknown Source)at org.openqa.selenium.support.events.EventFiringWebDriver.getScreenshotAs(EventFiringWebDriver.java:286)at com.redhu.Util.TestUtil.takeScreenshotAtEndOfTest(TestUtil.java:25)at com.redhu.Util.WebEventListener.onException(WebEventListener.java:62)at sun.reflect.GeneratedMethodAccessor1.invoke(Unknown Source)at sun.reflect.DelegatingMethodAccessorImpl.invoke(Unknown Source)at java.lang.reflect.Method.invoke(Unknown Source)at org.openqa.selenium.support.events.EventFiringWebDriver.lambda$new$0(EventFiringWebDriver.java:82)at com.sun.proxy.$Proxy6.onException(Unknown Source)at org.openqa.selenium.support.events.EventFiringWebDriver.lambda$new$1(EventFiringWebDriver.java:105)at com.sun.proxy.$Proxy7.getScreenshotAs(Unknown Source)at org.openqa.selenium.support.events.EventFiringWebDriver.getScreenshotAs(EventFiringWebDriver.java:286)at com.redhu.Util.TestUtil.takeScreenshotAtEndOfTest(TestUtil.java:25)at com.redhu.Util.WebEventListener.onException(WebEventListener.java:62)at sun.reflect.GeneratedMethodAccessor1.invoke(Unknown Source)at sun.reflect.DelegatingMethodAccessorImpl.invoke(Unknown Source)at java.lang.reflect.Method.invoke(Unknown Source)at org.openqa.selenium.support.events.EventFiringWebDriver.lambda$new$0(EventFiringWebDriver.java:82)at com.sun.proxy.$Proxy6.onException(Unknown Source)at org.openqa.selenium.support.events.EventFiringWebDriver.lambda$new$1(EventFiringWebDriver.java:105)at com.sun.proxy.$Proxy7.getScreenshotAs(Unknown Source)at org.openqa.selenium.support.events.EventFiringWebDriver.getScreenshotAs(EventFiringWebDriver.java:286)at com.redhu.Util.TestUtil.takeScreenshotAtEndOfTest(TestUtil.java:25)at com.redhu.Util.WebEventListener.onException(WebEventListener.java:62)at sun.reflect.GeneratedMethodAccessor1.invoke(Unknown Source)at sun.reflect.DelegatingMethodAccessorImpl.invoke(Unknown Source)at java.lang.reflect.Method.invoke(Unknown Source)at org.openqa.selenium.support.events.EventFiringWebDriver.lambda$new$0(EventFiringWebDriver.java:82)at com.sun.proxy.$Proxy6.onException(Unknown Source)at org.openqa.selenium.support.events.EventFiringWebDriver.lambda$new$1(EventFiringWebDriver.java:105)at com.sun.proxy.$Proxy7.getScreenshotAs(Unknown Source)at org.openqa.selenium.support.events.EventFiringWebDriver.getScreenshotAs(EventFiringWebDriver.java:286)at com.redhu.Util.TestUtil.takeScreenshotAtEndOfTest(TestUtil.java:25)at com.redhu.Util.WebEventListener.onException(WebEventListener.java:62)at sun.reflect.GeneratedMethodAccessor1.invoke(Unknown Source)at sun.reflect.DelegatingMethodAccessorImpl.invoke(Unknown Source)at java.lang.reflect.Method.invoke(Unknown Source)at org.openqa.selenium.support.events.EventFiringWebDriver.lambda$new$0(EventFiringWebDriver.java:82)at com.sun.proxy.$Proxy6.onException(Unknown Source)at org.openqa.selenium.support.events.EventFiringWebDriver.lambda$new$1(EventFiringWebDriver.java:105)at com.sun.proxy.$Proxy7.getScreenshotAs(Unknown Source)at org.openqa.selenium.support.events.EventFiringWebDriver.getScreenshotAs(EventFiringWebDriver.java:286)at com.redhu.Util.TestUtil.takeScreenshotAtEndOfTest(TestUtil.java:25)at com.redhu.Util.WebEventListener.onException(WebEventListener.java:62)at sun.reflect.GeneratedMethodAccessor1.invoke(Unknown Source)at sun.reflect.DelegatingMethodAccessorImpl.invoke(Unknown Source)at java.lang.reflect.Method.invoke(Unknown Source)at org.openqa.selenium.support.events.EventFiringWebDriver.lambda$new$0(EventFiringWebDriver.java:82)at com.sun.proxy.$Proxy6.onException(Unknown Source)at org.openqa.selenium.support.events.EventFiringWebDriver.lambda$new$1(EventFiringWebDriver.java:105)at com.sun.proxy.$Proxy7.getScreenshotAs(Unknown Source)at org.openqa.selenium.support.events.EventFiringWebDriver.getScreenshotAs(EventFiringWebDriver.java:286)at com.redhu.Util.TestUtil.takeScreenshotAtEndOfTest(TestUtil.java:25)at com.redhu.Util.WebEventListener.onException(WebEventListener.java:62)at sun.reflect.GeneratedMethodAccessor1.invoke(Unknown Source)at sun.reflect.DelegatingMethodAccessorImpl.invoke(Unknown Source)at java.lang.reflect.Method.invoke(Unknown Source)at org.openqa.selenium.support.events.EventFiringWebDriver.lambda$new$0(EventFiringWebDriver.java:82)at com.sun.proxy.$Proxy6.onException(Unknown Source)at org.openqa.selenium.support.events.EventFiringWebDriver.lambda$new$1(EventFiringWebDriver.java:105)at com.sun.proxy.$Proxy7.getScreenshotAs(Unknown Source)at org.openqa.selenium.support.events.EventFiringWebDriver.getScreenshotAs(EventFiringWebDriver.java:286)at com.redhu.Util.TestUtil.takeScreenshotAtEndOfTest(TestUtil.java:25)at com.redhu.Util.WebEventListener.onException(WebEventListener.java:62)at sun.reflect.GeneratedMethodAccessor1.invoke(Unknown Source)at sun.reflect.DelegatingMethodAccessorImpl.invoke(Unknown Source)at java.lang.reflect.Method.invoke(Unknown Source)at org.openqa.selenium.support.events.EventFiringWebDriver.lambda$new$0(EventFiringWebDriver.java:82)at com.sun.proxy.$Proxy6.onException(Unknown Source)at org.openqa.selenium.support.events.EventFiringWebDriver.lambda$new$1(EventFiringWebDriver.java:105)at com.sun.proxy.$Proxy7.getScreenshotAs(Unknown Source)at org.openqa.selenium.support.events.EventFiringWebDriver.getScreenshotAs(EventFiringWebDriver.java:286)at com.redhu.Util.TestUtil.takeScreenshotAtEndOfTest(TestUtil.java:25)at com.redhu.Util.WebEventListener.onException(WebEventListener.java:62)at sun.reflect.GeneratedMethodAccessor1.invoke(Unknown Source)at sun.reflect.DelegatingMethodAccessorImpl.invoke(Unknown Source)at java.lang.reflect.Method.invoke(Unknown Source)at org.openqa.selenium.support.events.EventFiringWebDriver.lambda$new$0(EventFiringWebDriver.java:82)at com.sun.proxy.$Proxy6.onException(Unknown Source)at org.openqa.selenium.support.events.EventFiringWebDriver.lambda$new$1(EventFiringWebDriver.java:105)at com.sun.proxy.$Proxy7.getScreenshotAs(Unknown Source)at org.openqa.selenium.support.events.EventFiringWebDriver.getScreenshotAs(EventFiringWebDriver.java:286)at com.redhu.Util.TestUtil.takeScreenshotAtEndOfTest(TestUtil.java:25)at com.redhu.Util.WebEventListener.onException(WebEventListener.java:62)at sun.reflect.GeneratedMethodAccessor1.invoke(Unknown Source)at sun.reflect.DelegatingMethodAccessorImpl.invoke(Unknown Source)at java.lang.reflect.Method.invoke(Unknown Source)at org.openqa.selenium.support.events.EventFiringWebDriver.lambda$new$0(EventFiringWebDriver.java:82)at com.sun.proxy.$Proxy6.onException(Unknown Source)at org.openqa.selenium.support.events.EventFiringWebDriver.lambda$new$1(EventFiringWebDriver.java:105)at com.sun.proxy.$Proxy7.getScreenshotAs(Unknown Source)at org.openqa.selenium.support.events.EventFiringWebDriver.getScreenshotAs(EventFiringWebDriver.java:286)at com.redhu.Util.TestUtil.takeScreenshotAtEndOfTest(TestUtil.java:25)at com.redhu.Util.WebEventListener.onException(WebEventListener.java:62)at sun.reflect.GeneratedMethodAccessor1.invoke(Unknown Source)at sun.reflect.DelegatingMethodAccessorImpl.invoke(Unknown Source)at java.lang.reflect.Method.invoke(Unknown Source)at org.openqa.selenium.support.events.EventFiringWebDriver.lambda$new$0(EventFiringWebDriver.java:82)at com.sun.proxy.$Proxy6.onException(Unknown Source)at org.openqa.selenium.support.events.EventFiringWebDriver.lambda$new$1(EventFiringWebDriver.java:105)at com.sun.proxy.$Proxy7.getScreenshotAs(Unknown Source)at org.openqa.selenium.support.events.EventFiringWebDriver.getScreenshotAs(EventFiringWebDriver.java:286)at com.redhu.Util.TestUtil.takeScreenshotAtEndOfTest(TestUtil.java:25)at com.redhu.Util.WebEventListener.onException(WebEventListener.java:62)at sun.reflect.GeneratedMethodAccessor1.invoke(Unknown Source)at sun.reflect.DelegatingMethodAccessorImpl.invoke(Unknown Source)at java.lang.reflect.Method.invoke(Unknown Source)at org.openqa.selenium.support.events.EventFiringWebDriver.lambda$new$0(EventFiringWebDriver.java:82)at com.sun.proxy.$Proxy6.onException(Unknown Source)at org.openqa.selenium.support.events.EventFiringWebDriver.lambda$new$1(EventFiringWebDriver.java:105)at com.sun.proxy.$Proxy7.getScreenshotAs(Unknown Source)at org.openqa.selenium.support.events.EventFiringWebDriver.getScreenshotAs(EventFiringWebDriver.java:286)at com.redhu.Util.TestUtil.takeScreenshotAtEndOfTest(TestUtil.java:25)at com.redhu.Util.WebEventListener.onException(WebEventListener.java:62)at sun.reflect.GeneratedMethodAccessor1.invoke(Unknown Source)at sun.reflect.DelegatingMethodAccessorImpl.invoke(Unknown Source)at java.lang.reflect.Method.invoke(Unknown Source)at org.openqa.selenium.support.events.EventFiringWebDriver.lambda$new$0(EventFiringWebDriver.java:82)at com.sun.proxy.$Proxy6.onException(Unknown Source)at org.openqa.selenium.support.events.EventFiringWebDriver.lambda$new$1(EventFiringWebDriver.java:105)at com.sun.proxy.$Proxy7.getScreenshotAs(Unknown Source)at org.openqa.selenium.support.events.EventFiringWebDriver.getScreenshotAs(EventFiringWebDriver.java:286)at com.redhu.Util.TestUtil.takeScreenshotAtEndOfTest(TestUtil.java:25)at com.redhu.Util.WebEventListener.onException(WebEventListener.java:62)at sun.reflect.GeneratedMethodAccessor1.invoke(Unknown Source)at sun.reflect.DelegatingMethodAccessorImpl.invoke(Unknown Source)at java.lang.reflect.Method.invoke(Unknown Source)at org.openqa.selenium.support.events.EventFiringWebDriver.lambda$new$0(EventFiringWebDriver.java:82)at com.sun.proxy.$Proxy6.onException(Unknown Source)at org.openqa.selenium.support.events.EventFiringWebDriver.lambda$new$1(EventFiringWebDriver.java:105)at com.sun.proxy.$Proxy7.getScreenshotAs(Unknown Source)at org.openqa.selenium.support.events.EventFiringWebDriver.getScreenshotAs(EventFiringWebDriver.java:286)at com.redhu.Util.TestUtil.takeScreenshotAtEndOfTest(TestUtil.java:25)at com.redhu.Util.WebEventListener.onException(WebEventListener.java:62)at sun.reflect.GeneratedMethodAccessor1.invoke(Unknown Source)at sun.reflect.DelegatingMethodAccessorImpl.invoke(Unknown Source)at java.lang.reflect.Method.invoke(Unknown Source)at org.openqa.selenium.support.events.EventFiringWebDriver.lambda$new$0(EventFiringWebDriver.java:82)at com.sun.proxy.$Proxy6.onException(Unknown Source)at org.openqa.selenium.support.events.EventFiringWebDriver.lambda$new$1(EventFiringWebDriver.java:105)at com.sun.proxy.$Proxy7.getScreenshotAs(Unknown Source)at org.openqa.selenium.support.events.EventFiringWebDriver.getScreenshotAs(EventFiringWebDriver.java:286)at com.redhu.Util.TestUtil.takeScreenshotAtEndOfTest(TestUtil.java:25)at com.redhu.Util.WebEventListener.onException(WebEventListener.java:62)at sun.reflect.GeneratedMethodAccessor1.invoke(Unknown Source)at sun.reflect.DelegatingMethodAccessorImpl.invoke(Unknown Source)at java.lang.reflect.Method.invoke(Unknown Source)at org.openqa.selenium.support.events.EventFiringWebDriver.lambda$new$0(EventFiringWebDriver.java:82)at com.sun.proxy.$Proxy6.onException(Unknown Source)at org.openqa.selenium.support.events.EventFiringWebDriver.lambda$new$1(EventFiringWebDriver.java:105)at com.sun.proxy.$Proxy7.getScreenshotAs(Unknown Source)at org.openqa.selenium.support.events.EventFiringWebDriver.getScreenshotAs(EventFiringWebDriver.java:286)at com.redhu.Util.TestUtil.takeScreenshotAtEndOfTest(TestUtil.java:25)at com.redhu.Util.WebEventListener.onException(WebEventListener.java:62)at sun.reflect.GeneratedMethodAccessor1.invoke(Unknown Source)at sun.reflect.DelegatingMethodAccessorImpl.invoke(Unknown Source)at java.lang.reflect.Method.invoke(Unknown Source)at org.openqa.selenium.support.events.EventFiringWebDriver.lambda$new$0(EventFiringWebDriver.java:82)at com.sun.proxy.$Proxy6.onException(Unknown Source)at org.openqa.selenium.support.events.EventFiringWebDriver.lambda$new$1(EventFiringWebDriver.java:105)at com.sun.proxy.$Proxy7.getScreenshotAs(Unknown Source)at org.openqa.selenium.support.events.EventFiringWebDriver.getScreenshotAs(EventFiringWebDriver.java:286)at com.redhu.Util.TestUtil.takeScreenshotAtEndOfTest(TestUtil.java:25)at com.redhu.Util.WebEventListener.onException(WebEventListener.java:62)at sun.reflect.GeneratedMethodAccessor1.invoke(Unknown Source)at sun.reflect.DelegatingMethodAccessorImpl.invoke(Unknown Source)at java.lang.reflect.Method.invoke(Unknown Source)at org.openqa.selenium.support.events.EventFiringWebDriver.lambda$new$0(EventFiringWebDriver.java:82)at com.sun.proxy.$Proxy6.onException(Unknown Source)at org.openqa.selenium.support.events.EventFiringWebDriver.lambda$new$1(EventFiringWebDriver.java:105)at com.sun.proxy.$Proxy7.getScreenshotAs(Unknown Source)at org.openqa.selenium.support.events.EventFiringWebDriver.getScreenshotAs(EventFiringWebDriver.java:286)at com.redhu.Util.TestUtil.takeScreenshotAtEndOfTest(TestUtil.java:25)at com.redhu.Util.WebEventListener.onException(WebEventListener.java:62)at sun.reflect.GeneratedMethodAccessor1.invoke(Unknown Source)at sun.reflect.DelegatingMethodAccessorImpl.invoke(Unknown Source)at java.lang.reflect.Method.invoke(Unknown Source)at org.openqa.selenium.support.events.EventFiringWebDriver.lambda$new$0(EventFiringWebDriver.java:82)at com.sun.proxy.$Proxy6.onException(Unknown Source)at org.openqa.selenium.support.events.EventFiringWebDriver.lambda$new$1(EventFiringWebDriver.java:105)at com.sun.proxy.$Proxy7.getScreenshotAs(Unknown Source)at org.openqa.selenium.support.events.EventFiringWebDriver.getScreenshotAs(EventFiringWebDriver.java:286)at com.redhu.Util.TestUtil.takeScreenshotAtEndOfTest(TestUtil.java:25)at com.redhu.Util.WebEventListener.onException(WebEventListener.java:62)at sun.reflect.GeneratedMethodAccessor1.invoke(Unknown Source)at sun.reflect.DelegatingMethodAccessorImpl.invoke(Unknown Source)at java.lang.reflect.Method.invoke(Unknown Source)at org.openqa.selenium.support.events.EventFiringWebDriver.lambda$new$0(EventFiringWebDriver.java:82)at com.sun.proxy.$Proxy6.onException(Unknown Source)at org.openqa.selenium.support.events.EventFiringWebDriver.lambda$new$1(EventFiringWebDriver.java:105)at com.sun.proxy.$Proxy7.getScreenshotAs(Unknown Source)at org.openqa.selenium.support.events.EventFiringWebDriver.getScreenshotAs(EventFiringWebDriver.java:286)at com.redhu.Util.TestUtil.takeScreenshotAtEndOfTest(TestUtil.java:25)at com.redhu.Util.WebEventListener.onException(WebEventListener.java:62)at sun.reflect.GeneratedMethodAccessor1.invoke(Unknown Source)at sun.reflect.DelegatingMethodAccessorImpl.invoke(Unknown Source)at java.lang.reflect.Method.invoke(Unknown Source)at org.openqa.selenium.support.events.EventFiringWebDriver.lambda$new$0(EventFiringWebDriver.java:82)at com.sun.proxy.$Proxy6.onException(Unknown Source)at org.openqa.selenium.support.events.EventFiringWebDriver.lambda$new$1(EventFiringWebDriver.java:105)at com.sun.proxy.$Proxy7.getScreenshotAs(Unknown Source)at org.openqa.selenium.support.events.EventFiringWebDriver.getScreenshotAs(EventFiringWebDriver.java:286)at com.redhu.Util.TestUtil.takeScreenshotAtEndOfTest(TestUtil.java:25)at com.redhu.Util.WebEventListener.onException(WebEventListener.java:62)at sun.reflect.GeneratedMethodAccessor1.invoke(Unknown Source)at sun.reflect.DelegatingMethodAccessorImpl.invoke(Unknown Source)at java.lang.reflect.Method.invoke(Unknown Source)at org.openqa.selenium.support.events.EventFiringWebDriver.lambda$new$0(EventFiringWebDriver.java:82)at com.sun.proxy.$Proxy6.onException(Unknown Source)at org.openqa.selenium.support.events.EventFiringWebDriver.lambda$new$1(EventFiringWebDriver.java:105)at com.sun.proxy.$Proxy7.getScreenshotAs(Unknown Source)at org.openqa.selenium.support.events.EventFiringWebDriver.getScreenshotAs(EventFiringWebDriver.java:286)at com.redhu.Util.TestUtil.takeScreenshotAtEndOfTest(TestUtil.java:25)at com.redhu.Util.WebEventListener.onException(WebEventListener.java:62)at sun.reflect.GeneratedMethodAccessor1.invoke(Unknown Source)at sun.reflect.DelegatingMethodAccessorImpl.invoke(Unknown Source)at java.lang.reflect.Method.invoke(Unknown Source)at org.openqa.selenium.support.events.EventFiringWebDriver.lambda$new$0(EventFiringWebDriver.java:82)at com.sun.proxy.$Proxy6.onException(Unknown Source)at org.openqa.selenium.support.events.EventFiringWebDriver.lambda$new$1(EventFiringWebDriver.java:105)at com.sun.proxy.$Proxy7.getScreenshotAs(Unknown Source)at org.openqa.selenium.support.events.EventFiringWebDriver.getScreenshotAs(EventFiringWebDriver.java:286)at com.redhu.Util.TestUtil.takeScreenshotAtEndOfTest(TestUtil.java:25)at com.redhu.Util.WebEventListener.onException(WebEventListener.java:62)at sun.reflect.GeneratedMethodAccessor1.invoke(Unknown Source)at sun.reflect.DelegatingMethodAccessorImpl.invoke(Unknown Source)at java.lang.reflect.Method.invoke(Unknown Source)at org.openqa.selenium.support.events.EventFiringWebDriver.lambda$new$0(EventFiringWebDriver.java:82)at com.sun.proxy.$Proxy6.onException(Unknown Source)at org.openqa.selenium.support.events.EventFiringWebDriver.lambda$new$1(EventFiringWebDriver.java:105)at com.sun.proxy.$Proxy7.getScreenshotAs(Unknown Source)at org.openqa.selenium.support.events.EventFiringWebDriver.getScreenshotAs(EventFiringWebDriver.java:286)at com.redhu.Util.TestUtil.takeScreenshotAtEndOfTest(TestUtil.java:25)at com.redhu.Util.WebEventListener.onException(WebEventListener.java:62)at sun.reflect.GeneratedMethodAccessor1.invoke(Unknown Source)at sun.reflect.DelegatingMethodAccessorImpl.invoke(Unknown Source)at java.lang.reflect.Method.invoke(Unknown Source)at org.openqa.selenium.support.events.EventFiringWebDriver.lambda$new$0(EventFiringWebDriver.java:82)at com.sun.proxy.$Proxy6.onException(Unknown Source)at org.openqa.selenium.support.events.EventFiringWebDriver.lambda$new$1(EventFiringWebDriver.java:105)at com.sun.proxy.$Proxy7.getScreenshotAs(Unknown Source)at org.openqa.selenium.support.events.EventFiringWebDriver.getScreenshotAs(EventFiringWebDriver.java:286)at com.redhu.Util.TestUtil.takeScreenshotAtEndOfTest(TestUtil.java:25)at com.redhu.Util.WebEventListener.onException(WebEventListener.java:62)at sun.reflect.GeneratedMethodAccessor1.invoke(Unknown Source)at sun.reflect.DelegatingMethodAccessorImpl.invoke(Unknown Source)at java.lang.reflect.Method.invoke(Unknown Source)at org.openqa.selenium.support.events.EventFiringWebDriver.lambda$new$0(EventFiringWebDriver.java:82)at com.sun.proxy.$Proxy6.onException(Unknown Source)at org.openqa.selenium.support.events.EventFiringWebDriver.lambda$new$1(EventFiringWebDriver.java:105)at com.sun.proxy.$Proxy7.getScreenshotAs(Unknown Source)at org.openqa.selenium.support.events.EventFiringWebDriver.getScreenshotAs(EventFiringWebDriver.java:286)at com.redhu.Util.TestUtil.takeScreenshotAtEndOfTest(TestUtil.java:25)at com.redhu.Util.WebEventListener.onException(WebEventListener.java:62)at sun.reflect.GeneratedMethodAccessor1.invoke(Unknown Source)at sun.reflect.DelegatingMethodAccessorImpl.invoke(Unknown Source)at java.lang.reflect.Method.invoke(Unknown Source)at org.openqa.selenium.support.events.EventFiringWebDriver.lambda$new$0(EventFiringWebDriver.java:82)at com.sun.proxy.$Proxy6.onException(Unknown Source)at org.openqa.selenium.support.events.EventFiringWebDriver.lambda$new$1(EventFiringWebDriver.java:105)at com.sun.proxy.$Proxy7.getScreenshotAs(Unknown Source)at org.openqa.selenium.support.events.EventFiringWebDriver.getScreenshotAs(EventFiringWebDriver.java:286)at com.redhu.Util.TestUtil.takeScreenshotAtEndOfTest(TestUtil.java:25)at com.redhu.Util.WebEventListener.onException(WebEventListener.java:62)at sun.reflect.GeneratedMethodAccessor1.invoke(Unknown Source)at sun.reflect.DelegatingMethodAccessorImpl.invoke(Unknown Source)at java.lang.reflect.Method.invoke(Unknown Source)at org.openqa.selenium.support.events.EventFiringWebDriver.lambda$new$0(EventFiringWebDriver.java:82)at com.sun.proxy.$Proxy6.onException(Unknown Source)at org.openqa.selenium.support.events.EventFiringWebDriver.lambda$new$1(EventFiringWebDriver.java:105)at com.sun.proxy.$Proxy7.getScreenshotAs(Unknown Source)at org.openqa.selenium.support.events.EventFiringWebDriver.getScreenshotAs(EventFiringWebDriver.java:286)at com.redhu.Util.TestUtil.takeScreenshotAtEndOfTest(TestUtil.java:25)at com.redhu.Util.WebEventListener.onException(WebEventListener.java:62)at sun.reflect.GeneratedMethodAccessor1.invoke(Unknown Source)at sun.reflect.DelegatingMethodAccessorImpl.invoke(Unknown Source)at java.lang.reflect.Method.invoke(Unknown Source)at org.openqa.selenium.support.events.EventFiringWebDriver.lambda$new$0(EventFiringWebDriver.java:82)at com.sun.proxy.$Proxy6.onException(Unknown Source)at org.openqa.selenium.support.events.EventFiringWebDriver.lambda$new$1(EventFiringWebDriver.java:105)at com.sun.proxy.$Proxy7.getScreenshotAs(Unknown Source)at org.openqa.selenium.support.events.EventFiringWebDriver.getScreenshotAs(EventFiringWebDriver.java:286)at com.redhu.Util.TestUtil.takeScreenshotAtEndOfTest(TestUtil.java:25)at com.redhu.Util.WebEventListener.onException(WebEventListener.java:62)at sun.reflect.GeneratedMethodAccessor1.invoke(Unknown Source)at sun.reflect.DelegatingMethodAccessorImpl.invoke(Unknown Source)at java.lang.reflect.Method.invoke(Unknown Source)at org.openqa.selenium.support.events.EventFiringWebDriver.lambda$new$0(EventFiringWebDriver.java:82)at com.sun.proxy.$Proxy6.onException(Unknown Source)at org.openqa.selenium.support.events.EventFiringWebDriver.lambda$new$1(EventFiringWebDriver.java:105)at com.sun.proxy.$Proxy7.getScreenshotAs(Unknown Source)at org.openqa.selenium.support.events.EventFiringWebDriver.getScreenshotAs(EventFiringWebDriver.java:286)at com.redhu.Util.TestUtil.takeScreenshotAtEndOfTest(TestUtil.java:25)at com.redhu.Util.WebEventListener.onException(WebEventListener.java:62)at sun.reflect.GeneratedMethodAccessor1.invoke(Unknown Source)at sun.reflect.DelegatingMethodAccessorImpl.invoke(Unknown Source)at java.lang.reflect.Method.invoke(Unknown Source)at org.openqa.selenium.support.events.EventFiringWebDriver.lambda$new$0(EventFiringWebDriver.java:82)at com.sun.proxy.$Proxy6.onException(Unknown Source)at org.openqa.selenium.support.events.EventFiringWebDriver.lambda$new$1(EventFiringWebDriver.java:105)at com.sun.proxy.$Proxy7.getScreenshotAs(Unknown Source)at org.openqa.selenium.support.events.EventFiringWebDriver.getScreenshotAs(EventFiringWebDriver.java:286)at com.redhu.Util.TestUtil.takeScreenshotAtEndOfTest(TestUtil.java:25)at com.redhu.Util.WebEventListener.onException(WebEventListener.java:62)at sun.reflect.GeneratedMethodAccessor1.invoke(Unknown Source)at sun.reflect.DelegatingMethodAccessorImpl.invoke(Unknown Source)at java.lang.reflect.Method.invoke(Unknown Source)at org.openqa.selenium.support.events.EventFiringWebDriver.lambda$new$0(EventFiringWebDriver.java:82)at com.sun.proxy.$Proxy6.onException(Unknown Source)at org.openqa.selenium.support.events.EventFiringWebDriver.lambda$new$1(EventFiringWebDriver.java:105)at com.sun.proxy.$Proxy7.getScreenshotAs(Unknown Source)at org.openqa.selenium.support.events.EventFiringWebDriver.getScreenshotAs(EventFiringWebDriver.java:286)at com.redhu.Util.TestUtil.takeScreenshotAtEndOfTest(TestUtil.java:25)at com.redhu.Util.WebEventListener.onException(WebEventListener.java:62)at sun.reflect.GeneratedMethodAccessor1.invoke(Unknown Source)at sun.reflect.DelegatingMethodAccessorImpl.invoke(Unknown Source)at java.lang.reflect.Method.invoke(Unknown Source)at org.openqa.selenium.support.events.EventFiringWebDriver.lambda$new$0(EventFiringWebDriver.java:82)at com.sun.proxy.$Proxy6.onException(Unknown Source)at org.openqa.selenium.support.events.EventFiringWebDriver.lambda$new$1(EventFiringWebDriver.java:105)at com.sun.proxy.$Proxy7.getScreenshotAs(Unknown Source)at org.openqa.selenium.support.events.EventFiringWebDriver.getScreenshotAs(EventFiringWebDriver.java:286)at com.redhu.Util.TestUtil.takeScreenshotAtEndOfTest(TestUtil.java:25)at com.redhu.Util.WebEventListener.onException(WebEventListener.java:62)at sun.reflect.GeneratedMethodAccessor1.invoke(Unknown Source)at sun.reflect.DelegatingMethodAccessorImpl.invoke(Unknown Source)at java.lang.reflect.Method.invoke(Unknown Source)at org.openqa.selenium.support.events.EventFiringWebDriver.lambda$new$0(EventFiringWebDriver.java:82)at com.sun.proxy.$Proxy6.onException(Unknown Source)at org.openqa.selenium.support.events.EventFiringWebDriver.lambda$new$1(EventFiringWebDriver.java:105)at com.sun.proxy.$Proxy7.getScreenshotAs(Unknown Source)at org.openqa.selenium.support.events.EventFiringWebDriver.getScreenshotAs(EventFiringWebDriver.java:286)at com.redhu.Util.TestUtil.takeScreenshotAtEndOfTest(TestUtil.java:25)at com.redhu.Util.WebEventListener.onException(WebEventListener.java:62)at sun.reflect.GeneratedMethodAccessor1.invoke(Unknown Source)at sun.reflect.DelegatingMethodAccessorImpl.invoke(Unknown Source)at java.lang.reflect.Method.invoke(Unknown Source)at org.openqa.selenium.support.events.EventFiringWebDriver.lambda$new$0(EventFiringWebDriver.java:82)at com.sun.proxy.$Proxy6.onException(Unknown Source)at org.openqa.selenium.support.events.EventFiringWebDriver.lambda$new$1(EventFiringWebDriver.java:105)at com.sun.proxy.$Proxy7.getScreenshotAs(Unknown Source)at org.openqa.selenium.support.events.EventFiringWebDriver.getScreenshotAs(EventFiringWebDriver.java:286)at com.redhu.Util.TestUtil.takeScreenshotAtEndOfTest(TestUtil.java:25)at com.redhu.Util.WebEventListener.onException(WebEventListener.java:62)at sun.reflect.GeneratedMethodAccessor1.invoke(Unknown Source)at sun.reflect.DelegatingMethodAccessorImpl.invoke(Unknown Source)at java.lang.reflect.Method.invoke(Unknown Source)at org.openqa.selenium.support.events.EventFiringWebDriver.lambda$new$0(EventFiringWebDriver.java:82)at com.sun.proxy.$Proxy6.onException(Unknown Source)at org.openqa.selenium.support.events.EventFiringWebDriver.lambda$new$1(EventFiringWebDriver.java:105)at com.sun.proxy.$Proxy7.getScreenshotAs(Unknown Source)at org.openqa.selenium.support.events.EventFiringWebDriver.getScreenshotAs(EventFiringWebDriver.java:286)at com.redhu.Util.TestUtil.takeScreenshotAtEndOfTest(TestUtil.java:25)at com.redhu.Util.WebEventListener.onException(WebEventListener.java:62)at sun.reflect.GeneratedMethodAccessor1.invoke(Unknown Source)at sun.reflect.DelegatingMethodAccessorImpl.invoke(Unknown Source)at java.lang.reflect.Method.invoke(Unknown Source)at org.openqa.selenium.support.events.EventFiringWebDriver.lambda$new$0(EventFiringWebDriver.java:82)at com.sun.proxy.$Proxy6.onException(Unknown Source)at org.openqa.selenium.support.events.EventFiringWebDriver.lambda$new$1(EventFiringWebDriver.java:105)at com.sun.proxy.$Proxy7.getScreenshotAs(Unknown Source)at org.openqa.selenium.support.events.EventFiringWebDriver.getScreenshotAs(EventFiringWebDriver.java:286)at com.redhu.Util.TestUtil.takeScreenshotAtEndOfTest(TestUtil.java:25)at com.redhu.Util.WebEventListener.onException(WebEventListener.java:62)at sun.reflect.GeneratedMethodAccessor1.invoke(Unknown Source)at sun.reflect.DelegatingMethodAccessorImpl.invoke(Unknown Source)at java.lang.reflect.Method.invoke(Unknown Source)at org.openqa.selenium.support.events.EventFiringWebDriver.lambda$new$0(EventFiringWebDriver.java:82)at com.sun.proxy.$Proxy6.onException(Unknown Source)at org.openqa.selenium.support.events.EventFiringWebDriver.lambda$new$1(EventFiringWebDriver.java:105)at com.sun.proxy.$Proxy7.getScreenshotAs(Unknown Source)at org.openqa.selenium.support.events.EventFiringWebDriver.getScreenshotAs(EventFiringWebDriver.java:286)at com.redhu.Util.TestUtil.takeScreenshotAtEndOfTest(TestUtil.java:25)at com.redhu.Util.WebEventListener.onException(WebEventListener.java:62)at sun.reflect.GeneratedMethodAccessor1.invoke(Unknown Source)at sun.reflect.DelegatingMethodAccessorImpl.invoke(Unknown Source)at java.lang.reflect.Method.invoke(Unknown Source)at org.openqa.selenium.support.events.EventFiringWebDriver.lambda$new$0(EventFiringWebDriver.java:82)at com.sun.proxy.$Proxy6.onException(Unknown Source)at org.openqa.selenium.support.events.EventFiringWebDriver.lambda$new$1(EventFiringWebDriver.java:105)at com.sun.proxy.$Proxy7.getScreenshotAs(Unknown Source)at org.openqa.selenium.support.events.EventFiringWebDriver.getScreenshotAs(EventFiringWebDriver.java:286)at com.redhu.Util.TestUtil.takeScreenshotAtEndOfTest(TestUtil.java:25)at com.redhu.Util.WebEventListener.onException(WebEventListener.java:62)at sun.reflect.GeneratedMethodAccessor1.invoke(Unknown Source)at sun.reflect.DelegatingMethodAccessorImpl.invoke(Unknown Source)at java.lang.reflect.Method.invoke(Unknown Source)at org.openqa.selenium.support.events.EventFiringWebDriver.lambda$new$0(EventFiringWebDriver.java:82)at com.sun.proxy.$Proxy6.onException(Unknown Source)at org.openqa.selenium.support.events.EventFiringWebDriver.lambda$new$1(EventFiringWebDriver.java:105)at com.sun.proxy.$Proxy7.getScreenshotAs(Unknown Source)at org.openqa.selenium.support.events.EventFiringWebDriver.getScreenshotAs(EventFiringWebDriver.java:286)at com.redhu.Util.TestUtil.takeScreenshotAtEndOfTest(TestUtil.java:25)at com.redhu.Util.WebEventListener.onException(WebEventListener.java:62)at sun.reflect.GeneratedMethodAccessor1.invoke(Unknown Source)at sun.reflect.DelegatingMethodAccessorImpl.invoke(Unknown Source)at java.lang.reflect.Method.invoke(Unknown Source)at org.openqa.selenium.support.events.EventFiringWebDriver.lambda$new$0(EventFiringWebDriver.java:82)at com.sun.proxy.$Proxy6.onException(Unknown Source)at org.openqa.selenium.support.events.EventFiringWebDriver.lambda$new$1(EventFiringWebDriver.java:105)at com.sun.proxy.$Proxy7.getScreenshotAs(Unknown Source)at org.openqa.selenium.support.events.EventFiringWebDriver.getScreenshotAs(EventFiringWebDriver.java:286)at com.redhu.Util.TestUtil.takeScreenshotAtEndOfTest(TestUtil.java:25)at com.redhu.Util.WebEventListener.onException(WebEventListener.java:62)at sun.reflect.GeneratedMethodAccessor1.invoke(Unknown Source)at sun.reflect.DelegatingMethodAccessorImpl.invoke(Unknown Source)at java.lang.reflect.Method.invoke(Unknown Source)at org.openqa.selenium.support.events.EventFiringWebDriver.lambda$new$0(EventFiringWebDriver.java:82)at com.sun.proxy.$Proxy6.onException(Unknown Source)at org.openqa.selenium.support.events.EventFiringWebDriver.lambda$new$1(EventFiringWebDriver.java:105)at com.sun.proxy.$Proxy7.getScreenshotAs(Unknown Source)at org.openqa.selenium.support.events.EventFiringWebDriver.getScreenshotAs(EventFiringWebDriver.java:286)at com.redhu.Util.TestUtil.takeScreenshotAtEndOfTest(TestUtil.java:25)at com.redhu.Util.WebEventListener.onException(WebEventListener.java:62)at sun.reflect.GeneratedMethodAccessor1.invoke(Unknown Source)at sun.reflect.DelegatingMethodAccessorImpl.invoke(Unknown Source)at java.lang.reflect.Method.invoke(Unknown Source)at org.openqa.selenium.support.events.EventFiringWebDriver.lambda$new$0(EventFiringWebDriver.java:82)at com.sun.proxy.$Proxy6.onException(Unknown Source)at org.openqa.selenium.support.events.EventFiringWebDriver.lambda$new$1(EventFiringWebDriver.java:105)at com.sun.proxy.$Proxy7.getScreenshotAs(Unknown Source)at org.openqa.selenium.support.events.EventFiringWebDriver.getScreenshotAs(EventFiringWebDriver.java:286)at com.redhu.Util.TestUtil.takeScreenshotAtEndOfTest(TestUtil.java:25)at com.redhu.Util.WebEventListener.onException(WebEventListener.java:62)at sun.reflect.GeneratedMethodAccessor1.invoke(Unknown Source)at sun.reflect.DelegatingMethodAccessorImpl.invoke(Unknown Source)at java.lang.reflect.Method.invoke(Unknown Source)at org.openqa.selenium.support.events.EventFiringWebDriver.lambda$new$0(EventFiringWebDriver.java:82)at com.sun.proxy.$Proxy6.onException(Unknown Source)at org.openqa.selenium.support.events.EventFiringWebDriver.lambda$new$1(EventFiringWebDriver.java:105)at com.sun.proxy.$Proxy7.getScreenshotAs(Unknown Source)at org.openqa.selenium.support.events.EventFiringWebDriver.getScreenshotAs(EventFiringWebDriver.java:286)at com.redhu.Util.TestUtil.takeScreenshotAtEndOfTest(TestUtil.java:25)at com.redhu.Util.WebEventListener.onException(WebEventListener.java:62)at sun.reflect.GeneratedMethodAccessor1.invoke(Unknown Source)at sun.reflect.DelegatingMethodAccessorImpl.invoke(Unknown Source)at java.lang.reflect.Method.invoke(Unknown Source)at org.openqa.selenium.support.events.EventFiringWebDriver.lambda$new$0(EventFiringWebDriver.java:82)at com.sun.proxy.$Proxy6.onException(Unknown Source)at org.openqa.selenium.support.events.EventFiringWebDriver.lambda$new$1(EventFiringWebDriver.java:105)at com.sun.proxy.$Proxy7.getScreenshotAs(Unknown Source)at org.openqa.selenium.support.events.EventFiringWebDriver.getScreenshotAs(EventFiringWebDriver.java:286)at com.redhu.Util.TestUtil.takeScreenshotAtEndOfTest(TestUtil.java:25)at com.redhu.Util.WebEventListener.onException(WebEventListener.java:62)at sun.reflect.GeneratedMethodAccessor1.invoke(Unknown Source)at sun.reflect.DelegatingMethodAccessorImpl.invoke(Unknown Source)at java.lang.reflect.Method.invoke(Unknown Source)at org.openqa.selenium.support.events.EventFiringWebDriver.lambda$new$0(EventFiringWebDriver.java:82)at com.sun.proxy.$Proxy6.onException(Unknown Source)at org.openqa.selenium.support.events.EventFiringWebDriver.lambda$new$1(EventFiringWebDriver.java:105)at com.sun.proxy.$Proxy7.getScreenshotAs(Unknown Source)at org.openqa.selenium.support.events.EventFiringWebDriver.getScreenshotAs(EventFiringWebDriver.java:286)at com.redhu.Util.TestUtil.takeScreenshotAtEndOfTest(TestUtil.java:25)at com.redhu.Util.WebEventListener.onException(WebEventListener.java:62)at sun.reflect.GeneratedMethodAccessor1.invoke(Unknown Source)at sun.reflect.DelegatingMethodAccessorImpl.invoke(Unknown Source)at java.lang.reflect.Method.invoke(Unknown Source)at org.openqa.selenium.support.events.EventFiringWebDriver.lambda$new$0(EventFiringWebDriver.java:82)at com.sun.proxy.$Proxy6.onException(Unknown Source)at org.openqa.selenium.support.events.EventFiringWebDriver.lambda$new$1(EventFiringWebDriver.java:105)at com.sun.proxy.$Proxy7.getScreenshotAs(Unknown Source)at org.openqa.selenium.support.events.EventFiringWebDriver.getScreenshotAs(EventFiringWebDriver.java:286)at com.redhu.Util.TestUtil.takeScreenshotAtEndOfTest(TestUtil.java:25)at com.redhu.Util.WebEventListener.onException(WebEventListener.java:62)at sun.reflect.GeneratedMethodAccessor1.invoke(Unknown Source)at sun.reflect.DelegatingMethodAccessorImpl.invoke(Unknown Source)at java.lang.reflect.Method.invoke(Unknown Source)at org.openqa.selenium.support.events.EventFiringWebDriver.lambda$new$0(EventFiringWebDriver.java:82)at com.sun.proxy.$Proxy6.onException(Unknown Source)at org.openqa.selenium.support.events.EventFiringWebDriver.lambda$new$1(EventFiringWebDriver.java:105)at com.sun.proxy.$Proxy7.getScreenshotAs(Unknown Source)at org.openqa.selenium.support.events.EventFiringWebDriver.getScreenshotAs(EventFiringWebDriver.java:286)at com.redhu.Util.TestUtil.takeScreenshotAtEndOfTest(TestUtil.java:25)at com.redhu.Util.WebEventListener.onException(WebEventListener.java:62)at sun.reflect.GeneratedMethodAccessor1.invoke(Unknown Source)at sun.reflect.DelegatingMethodAccessorImpl.invoke(Unknown Source)at java.lang.reflect.Method.invoke(Unknown Source)at org.openqa.selenium.support.events.EventFiringWebDriver.lambda$new$0(EventFiringWebDriver.java:82)at com.sun.proxy.$Proxy6.onException(Unknown Source)at org.openqa.selenium.support.events.EventFiringWebDriver.lambda$new$1(EventFiringWebDriver.java:105)at com.sun.proxy.$Proxy7.getScreenshotAs(Unknown Source)at org.openqa.selenium.support.events.EventFiringWebDriver.getScreenshotAs(EventFiringWebDriver.java:286)at com.redhu.Util.TestUtil.takeScreenshotAtEndOfTest(TestUtil.java:25)at com.redhu.Util.WebEventListener.onException(WebEventListener.java:62)at sun.reflect.GeneratedMethodAccessor1.invoke(Unknown Source)at sun.reflect.DelegatingMethodAccessorImpl.invoke(Unknown Source)at java.lang.reflect.Method.invoke(Unknown Source)at org.openqa.selenium.support.events.EventFiringWebDriver.lambda$new$0(EventFiringWebDriver.java:82)at com.sun.proxy.$Proxy6.onException(Unknown Source)at org.openqa.selenium.support.events.EventFiringWebDriver.lambda$new$1(EventFiringWebDriver.java:105)at com.sun.proxy.$Proxy7.getScreenshotAs(Unknown Source)at org.openqa.selenium.support.events.EventFiringWebDriver.getScreenshotAs(EventFiringWebDriver.java:286)at com.redhu.Util.TestUtil.takeScreenshotAtEndOfTest(TestUtil.java:25)at com.redhu.Util.WebEventListener.onException(WebEventListener.java:62)at sun.reflect.GeneratedMethodAccessor1.invoke(Unknown Source)at sun.reflect.DelegatingMethodAccessorImpl.invoke(Unknown Source)at java.lang.reflect.Method.invoke(Unknown Source)at org.openqa.selenium.support.events.EventFiringWebDriver.lambda$new$0(EventFiringWebDriver.java:82)at com.sun.proxy.$Proxy6.onException(Unknown Source)at org.openqa.selenium.support.events.EventFiringWebDriver.lambda$new$1(EventFiringWebDriver.java:105)at com.sun.proxy.$Proxy7.getScreenshotAs(Unknown Source)at org.openqa.selenium.support.events.EventFiringWebDriver.getScreenshotAs(EventFiringWebDriver.java:286)at com.redhu.Util.TestUtil.takeScreenshotAtEndOfTest(TestUtil.java:25)at com.redhu.Util.WebEventListener.onException(WebEventListener.java:62)at sun.reflect.GeneratedMethodAccessor1.invoke(Unknown Source)at sun.reflect.DelegatingMethodAccessorImpl.invoke(Unknown Source)at java.lang.reflect.Method.invoke(Unknown Source)at org.openqa.selenium.support.events.EventFiringWebDriver.lambda$new$0(EventFiringWebDriver.java:82)at com.sun.proxy.$Proxy6.onException(Unknown Source)at org.openqa.selenium.support.events.EventFiringWebDriver.lambda$new$1(EventFiringWebDriver.java:105)at com.sun.proxy.$Proxy7.getScreenshotAs(Unknown Source)at org.openqa.selenium.support.events.EventFiringWebDriver.getScreenshotAs(EventFiringWebDriver.java:286)at com.redhu.Util.TestUtil.takeScreenshotAtEndOfTest(TestUtil.java:25)at com.redhu.Util.WebEventListener.onException(WebEventListener.java:62)at sun.reflect.GeneratedMethodAccessor1.invoke(Unknown Source)at sun.reflect.DelegatingMethodAccessorImpl.invoke(Unknown Source)at java.lang.reflect.Method.invoke(Unknown Source)at org.openqa.selenium.support.events.EventFiringWebDriver.lambda$new$0(EventFiringWebDriver.java:82)at com.sun.proxy.$Proxy6.onException(Unknown Source)at org.openqa.selenium.support.events.EventFiringWebDriver.lambda$new$1(EventFiringWebDriver.java:105)at com.sun.proxy.$Proxy7.getScreenshotAs(Unknown Source)at org.openqa.selenium.support.events.EventFiringWebDriver.getScreenshotAs(EventFiringWebDriver.java:286)at com.redhu.Util.TestUtil.takeScreenshotAtEndOfTest(TestUtil.java:25)at com.redhu.Util.WebEventListener.onException(WebEventListener.java:62)at sun.reflect.GeneratedMethodAccessor1.invoke(Unknown Source)at sun.reflect.DelegatingMethodAccessorImpl.invoke(Unknown Source)at java.lang.reflect.Method.invoke(Unknown Source)at org.openqa.selenium.support.events.EventFiringWebDriver.lambda$new$0(EventFiringWebDriver.java:82)at com.sun.proxy.$Proxy6.onException(Unknown Source)at org.openqa.selenium.support.events.EventFiringWebDriver.lambda$new$1(EventFiringWebDriver.java:105)at com.sun.proxy.$Proxy7.getScreenshotAs(Unknown Source)at org.openqa.selenium.support.events.EventFiringWebDriver.getScreenshotAs(EventFiringWebDriver.java:286)at com.redhu.Util.TestUtil.takeScreenshotAtEndOfTest(TestUtil.java:25)at com.redhu.Util.WebEventListener.onException(WebEventListener.java:62)at sun.reflect.GeneratedMethodAccessor1.invoke(Unknown Source)at sun.reflect.DelegatingMethodAccessorImpl.invoke(Unknown Source)at java.lang.reflect.Method.invoke(Unknown Source)at org.openqa.selenium.support.events.EventFiringWebDriver.lambda$new$0(EventFiringWebDriver.java:82)at com.sun.proxy.$Proxy6.onException(Unknown Source)at org.openqa.selenium.support.events.EventFiringWebDriver.lambda$new$1(EventFiringWebDriver.java:105)at com.sun.proxy.$Proxy7.getScreenshotAs(Unknown Source)at org.openqa.selenium.support.events.EventFiringWebDriver.getScreenshotAs(EventFiringWebDriver.java:286)at com.redhu.Util.TestUtil.takeScreenshotAtEndOfTest(TestUtil.java:25)at com.redhu.Util.WebEventListener.onException(WebEventListener.java:62)at sun.reflect.GeneratedMethodAccessor1.invoke(Unknown Source)at sun.reflect.DelegatingMethodAccessorImpl.invoke(Unknown Source)at java.lang.reflect.Method.invoke(Unknown Source)at org.openqa.selenium.support.events.EventFiringWebDriver.lambda$new$0(EventFiringWebDriver.java:82)at com.sun.proxy.$Proxy6.onException(Unknown Source)at org.openqa.selenium.support.events.EventFiringWebDriver.lambda$new$1(EventFiringWebDriver.java:105)at com.sun.proxy.$Proxy7.getScreenshotAs(Unknown Source)at org.openqa.selenium.support.events.EventFiringWebDriver.getScreenshotAs(EventFiringWebDriver.java:286)at com.redhu.Util.TestUtil.takeScreenshotAtEndOfTest(TestUtil.java:25)at com.redhu.Util.WebEventListener.onException(WebEventListener.java:62)at sun.reflect.GeneratedMethodAccessor1.invoke(Unknown Source)at sun.reflect.DelegatingMethodAccessorImpl.invoke(Unknown Source)at java.lang.reflect.Method.invoke(Unknown Source)at org.openqa.selenium.support.events.EventFiringWebDriver.lambda$new$0(EventFiringWebDriver.java:82)at com.sun.proxy.$Proxy6.onException(Unknown Source)at org.openqa.selenium.support.events.EventFiringWebDriver.lambda$new$1(EventFiringWebDriver.java:105)at com.sun.proxy.$Proxy7.getScreenshotAs(Unknown Source)at org.openqa.selenium.support.events.EventFiringWebDriver.getScreenshotAs(EventFiringWebDriver.java:286)at com.redhu.Util.TestUtil.takeScreenshotAtEndOfTest(TestUtil.java:25)at com.redhu.Util.WebEventListener.onException(WebEventListener.java:62)at sun.reflect.GeneratedMethodAccessor1.invoke(Unknown Source)at sun.reflect.DelegatingMethodAccessorImpl.invoke(Unknown Source)at java.lang.reflect.Method.invoke(Unknown Source)at org.openqa.selenium.support.events.EventFiringWebDriver.lambda$new$0(EventFiringWebDriver.java:82)at com.sun.proxy.$Proxy6.onException(Unknown Source)at org.openqa.selenium.support.events.EventFiringWebDriver.lambda$new$1(EventFiringWebDriver.java:105)at com.sun.proxy.$Proxy7.getScreenshotAs(Unknown Source)at org.openqa.selenium.support.events.EventFiringWebDriver.getScreenshotAs(EventFiringWebDriver.java:286)at com.redhu.Util.TestUtil.takeScreenshotAtEndOfTest(TestUtil.java:25)at com.redhu.Util.WebEventListener.onException(WebEventListener.java:62)at sun.reflect.GeneratedMethodAccessor1.invoke(Unknown Source)at sun.reflect.DelegatingMethodAccessorImpl.invoke(Unknown Source)at java.lang.reflect.Method.invoke(Unknown Source)at org.openqa.selenium.support.events.EventFiringWebDriver.lambda$new$0(EventFiringWebDriver.java:82)at com.sun.proxy.$Proxy6.onException(Unknown Source)at org.openqa.selenium.support.events.EventFiringWebDriver.lambda$new$1(EventFiringWebDriver.java:105)at com.sun.proxy.$Proxy7.getScreenshotAs(Unknown Source)at org.openqa.selenium.support.events.EventFiringWebDriver.getScreenshotAs(EventFiringWebDriver.java:286)at com.redhu.Util.TestUtil.takeScreenshotAtEndOfTest(TestUtil.java:25)at com.redhu.Util.WebEventListener.onException(WebEventListener.java:62)at sun.reflect.GeneratedMethodAccessor1.invoke(Unknown Source)at sun.reflect.DelegatingMethodAccessorImpl.invoke(Unknown Source)at java.lang.reflect.Method.invoke(Unknown Source)at org.openqa.selenium.support.events.EventFiringWebDriver.lambda$new$0(EventFiringWebDriver.java:82)at com.sun.proxy.$Proxy6.onException(Unknown Source)at org.openqa.selenium.support.events.EventFiringWebDriver.lambda$new$1(EventFiringWebDriver.java:105)at com.sun.proxy.$Proxy7.getScreenshotAs(Unknown Source)at org.openqa.selenium.support.events.EventFiringWebDriver.getScreenshotAs(EventFiringWebDriver.java:286)at com.redhu.Util.TestUtil.takeScreenshotAtEndOfTest(TestUtil.java:25)at com.redhu.Util.WebEventListener.onException(WebEventListener.java:62)at sun.reflect.GeneratedMethodAccessor1.invoke(Unknown Source)at sun.reflect.DelegatingMethodAccessorImpl.invoke(Unknown Source)at java.lang.reflect.Method.invoke(Unknown Source)at org.openqa.selenium.support.events.EventFiringWebDriver.lambda$new$0(EventFiringWebDriver.java:82)at com.sun.proxy.$Proxy6.onException(Unknown Source)at org.openqa.selenium.support.events.EventFiringWebDriver.lambda$new$1(EventFiringWebDriver.java:105)at com.sun.proxy.$Proxy7.getScreenshotAs(Unknown Source)at org.openqa.selenium.support.events.EventFiringWebDriver.getScreenshotAs(EventFiringWebDriver.java:286)at com.redhu.Util.TestUtil.takeScreenshotAtEndOfTest(TestUtil.java:25)at com.redhu.Util.WebEventListener.onException(WebEventListener.java:62)at sun.reflect.GeneratedMethodAccessor1.invoke(Unknown Source)at sun.reflect.DelegatingMethodAccessorImpl.invoke(Unknown Source)at java.lang.reflect.Method.invoke(Unknown Source)at org.openqa.selenium.support.events.EventFiringWebDriver.lambda$new$0(EventFiringWebDriver.java:82)at com.sun.proxy.$Proxy6.onException(Unknown Source)at org.openqa.selenium.support.events.EventFiringWebDriver.lambda$new$1(EventFiringWebDriver.java:105)at com.sun.proxy.$Proxy7.getScreenshotAs(Unknown Source)at org.openqa.selenium.support.events.EventFiringWebDriver.getScreenshotAs(EventFiringWebDriver.java:286)at com.redhu.Util.TestUtil.takeScreenshotAtEndOfTest(TestUtil.java:25)at com.redhu.Util.WebEventListener.onException(WebEventListener.java:62)at sun.reflect.GeneratedMethodAccessor1.invoke(Unknown Source)at sun.reflect.DelegatingMethodAccessorImpl.invoke(Unknown Source)at java.lang.reflect.Method.invoke(Unknown Source)at org.openqa.selenium.support.events.EventFiringWebDriver.lambda$new$0(EventFiringWebDriver.java:82)at com.sun.proxy.$Proxy6.onException(Unknown Source)at org.openqa.selenium.support.events.EventFiringWebDriver.lambda$new$1(EventFiringWebDriver.java:105)at com.sun.proxy.$Proxy7.getScreenshotAs(Unknown Source)at org.openqa.selenium.support.events.EventFiringWebDriver.getScreenshotAs(EventFiringWebDriver.java:286)at com.redhu.Util.TestUtil.takeScreenshotAtEndOfTest(TestUtil.java:25)at com.redhu.Util.WebEventListener.onException(WebEventListener.java:62)at sun.reflect.GeneratedMethodAccessor1.invoke(Unknown Source)at sun.reflect.DelegatingMethodAccessorImpl.invoke(Unknown Source)at java.lang.reflect.Method.invoke(Unknown Source)at org.openqa.selenium.support.events.EventFiringWebDriver.lambda$new$0(EventFiringWebDriver.java:82)at com.sun.proxy.$Proxy6.onException(Unknown Source)at org.openqa.selenium.support.events.EventFiringWebDriver.lambda$new$1(EventFiringWebDriver.java:105)at com.sun.proxy.$Proxy7.getScreenshotAs(Unknown Source)at org.openqa.selenium.support.events.EventFiringWebDriver.getScreenshotAs(EventFiringWebDriver.java:286)at com.redhu.Util.TestUtil.takeScreenshotAtEndOfTest(TestUtil.java:25)at com.redhu.Util.WebEventListener.onException(WebEventListener.java:62)at sun.reflect.GeneratedMethodAccessor1.invoke(Unknown Source)at sun.reflect.DelegatingMethodAccessorImpl.invoke(Unknown Source)at java.lang.reflect.Method.invoke(Unknown Source)at org.openqa.selenium.support.events.EventFiringWebDriver.lambda$new$0(EventFiringWebDriver.java:82)at com.sun.proxy.$Proxy6.onException(Unknown Source)at org.openqa.selenium.support.events.EventFiringWebDriver.lambda$new$1(EventFiringWebDriver.java:105)at com.sun.proxy.$Proxy7.getScreenshotAs(Unknown Source)at org.openqa.selenium.support.events.EventFiringWebDriver.getScreenshotAs(EventFiringWebDriver.java:286)at com.redhu.Util.TestUtil.takeScreenshotAtEndOfTest(TestUtil.java:25)at com.redhu.Util.WebEventListener.onException(WebEventListener.java:62)at sun.reflect.GeneratedMethodAccessor1.invoke(Unknown Source)at sun.reflect.DelegatingMethodAccessorImpl.invoke(Unknown Source)at java.lang.reflect.Method.invoke(Unknown Source)at org.openqa.selenium.support.events.EventFiringWebDriver.lambda$new$0(EventFiringWebDriver.java:82)at com.sun.proxy.$Proxy6.onException(Unknown Source)at org.openqa.selenium.support.events.EventFiringWebDriver.lambda$new$1(EventFiringWebDriver.java:105)at com.sun.proxy.$Proxy7.getScreenshotAs(Unknown Source)at org.openqa.selenium.support.events.EventFiringWebDriver.getScreenshotAs(EventFiringWebDriver.java:286)at com.redhu.Util.TestUtil.takeScreenshotAtEndOfTest(TestUtil.java:25)at com.redhu.Util.WebEventListener.onException(WebEventListener.java:62)at sun.reflect.GeneratedMethodAccessor1.invoke(Unknown Source)at sun.reflect.DelegatingMethodAccessorImpl.invoke(Unknown Source)at java.lang.reflect.Method.invoke(Unknown Source)at org.openqa.selenium.support.events.EventFiringWebDriver.lambda$new$0(EventFiringWebDriver.java:82)at com.sun.proxy.$Proxy6.onException(Unknown Source)at org.openqa.selenium.support.events.EventFiringWebDriver.lambda$new$1(EventFiringWebDriver.java:105)at com.sun.proxy.$Proxy7.getScreenshotAs(Unknown Source)at org.openqa.selenium.support.events.EventFiringWebDriver.getScreenshotAs(EventFiringWebDriver.java:286)at com.redhu.Util.TestUtil.takeScreenshotAtEndOfTest(TestUtil.java:25)at com.redhu.Util.WebEventListener.onException(WebEventListener.java:62)at sun.reflect.GeneratedMethodAccessor1.invoke(Unknown Source)at sun.reflect.DelegatingMethodAccessorImpl.invoke(Unknown Source)at java.lang.reflect.Method.invoke(Unknown Source)at org.openqa.selenium.support.events.EventFiringWebDriver.lambda$new$0(EventFiringWebDriver.java:82)at com.sun.proxy.$Proxy6.onException(Unknown Source)at org.openqa.selenium.support.events.EventFiringWebDriver.lambda$new$1(EventFiringWebDriver.java:105)at com.sun.proxy.$Proxy7.getScreenshotAs(Unknown Source)at org.openqa.selenium.support.events.EventFiringWebDriver.getScreenshotAs(EventFiringWebDriver.java:286)at com.redhu.Util.TestUtil.takeScreenshotAtEndOfTest(TestUtil.java:25)at com.redhu.Util.WebEventListener.onException(WebEventListener.java:62)at sun.reflect.GeneratedMethodAccessor1.invoke(Unknown Source)at sun.reflect.DelegatingMethodAccessorImpl.invoke(Unknown Source)at java.lang.reflect.Method.invoke(Unknown Source)at org.openqa.selenium.support.events.EventFiringWebDriver.lambda$new$0(EventFiringWebDriver.java:82)at com.sun.proxy.$Proxy6.onException(Unknown Source)at org.openqa.selenium.support.events.EventFiringWebDriver.lambda$new$1(EventFiringWebDriver.java:105)at com.sun.proxy.$Proxy7.getScreenshotAs(Unknown Source)at org.openqa.selenium.support.events.EventFiringWebDriver.getScreenshotAs(EventFiringWebDriver.java:286)at com.redhu.Util.TestUtil.takeScreenshotAtEndOfTest(TestUtil.java:25)at com.redhu.Util.WebEventListener.onException(WebEventListener.java:62)at sun.reflect.GeneratedMethodAccessor1.invoke(Unknown Source)at sun.reflect.DelegatingMethodAccessorImpl.invoke(Unknown Source)at java.lang.reflect.Method.invoke(Unknown Source)at org.openqa.selenium.support.events.EventFiringWebDriver.lambda$new$0(EventFiringWebDriver.java:82)at com.sun.proxy.$Proxy6.onException(Unknown Source)at org.openqa.selenium.support.events.EventFiringWebDriver.lambda$new$1(EventFiringWebDriver.java:105)at com.sun.proxy.$Proxy7.getScreenshotAs(Unknown Source)at org.openqa.selenium.support.events.EventFiringWebDriver.getScreenshotAs(EventFiringWebDriver.java:286)at com.redhu.Util.TestUtil.takeScreenshotAtEndOfTest(TestUtil.java:25)at com.redhu.Util.WebEventListener.onException(WebEventListener.java:62)at sun.reflect.GeneratedMethodAccessor1.invoke(Unknown Source)at sun.reflect.DelegatingMethodAccessorImpl.invoke(Unknown Source)at java.lang.reflect.Method.invoke(Unknown Source)at org.openqa.selenium.support.events.EventFiringWebDriver.lambda$new$0(EventFiringWebDriver.java:82)at com.sun.proxy.$Proxy6.onException(Unknown Source)at org.openqa.selenium.support.events.EventFiringWebDriver.lambda$new$1(EventFiringWebDriver.java:105)at com.sun.proxy.$Proxy7.getScreenshotAs(Unknown Source)at org.openqa.selenium.support.events.EventFiringWebDriver.getScreenshotAs(EventFiringWebDriver.java:286)at com.redhu.Util.TestUtil.takeScreenshotAtEndOfTest(TestUtil.java:25)at com.redhu.Util.WebEventListener.onException(WebEventListener.java:62)at sun.reflect.GeneratedMethodAccessor1.invoke(Unknown Source)at sun.reflect.DelegatingMethodAccessorImpl.invoke(Unknown Source)at java.lang.reflect.Method.invoke(Unknown Source)at org.openqa.selenium.support.events.EventFiringWebDriver.lambda$new$0(EventFiringWebDriver.java:82)at com.sun.proxy.$Proxy6.onException(Unknown Source)at org.openqa.selenium.support.events.EventFiringWebDriver.lambda$new$1(EventFiringWebDriver.java:105)at com.sun.proxy.$Proxy7.getScreenshotAs(Unknown Source)at org.openqa.selenium.support.events.EventFiringWebDriver.getScreenshotAs(EventFiringWebDriver.java:286)at com.redhu.Util.TestUtil.takeScreenshotAtEndOfTest(TestUtil.java:25)at com.redhu.Util.WebEventListener.onException(WebEventListener.java:62)at sun.reflect.GeneratedMethodAccessor1.invoke(Unknown Source)at sun.reflect.DelegatingMethodAccessorImpl.invoke(Unknown Source)at java.lang.reflect.Method.invoke(Unknown Source)at org.openqa.selenium.support.events.EventFiringWebDriver.lambda$new$0(EventFiringWebDriver.java:82)at com.sun.proxy.$Proxy6.onException(Unknown Source)at org.openqa.selenium.support.events.EventFiringWebDriver.lambda$new$1(EventFiringWebDriver.java:105)at com.sun.proxy.$Proxy7.getScreenshotAs(Unknown Source)at org.openqa.selenium.support.events.EventFiringWebDriver.getScreenshotAs(EventFiringWebDriver.java:286)at com.redhu.Util.TestUtil.takeScreenshotAtEndOfTest(TestUtil.java:25)at com.redhu.Util.WebEventListener.onException(WebEventListener.java:62)at sun.reflect.GeneratedMethodAccessor1.invoke(Unknown Source)at sun.reflect.DelegatingMethodAccessorImpl.invoke(Unknown Source)at java.lang.reflect.Method.invoke(Unknown Source)at org.openqa.selenium.support.events.EventFiringWebDriver.lambda$new$0(EventFiringWebDriver.java:82)at com.sun.proxy.$Proxy6.onException(Unknown Source)at org.openqa.selenium.support.events.EventFiringWebDriver.lambda$new$1(EventFiringWebDriver.java:105)at com.sun.proxy.$Proxy7.getScreenshotAs(Unknown Source)at org.openqa.selenium.support.events.EventFiringWebDriver.getScreenshotAs(EventFiringWebDriver.java:286)at com.redhu.Util.TestUtil.takeScreenshotAtEndOfTest(TestUtil.java:25)at com.redhu.Util.WebEventListener.onException(WebEventListener.java:62)at sun.reflect.GeneratedMethodAccessor1.invoke(Unknown Source)at sun.reflect.DelegatingMethodAccessorImpl.invoke(Unknown Source)at java.lang.reflect.Method.invoke(Unknown Source)at org.openqa.selenium.support.events.EventFiringWebDriver.lambda$new$0(EventFiringWebDriver.java:82)at com.sun.proxy.$Proxy6.onException(Unknown Source)at org.openqa.selenium.support.events.EventFiringWebDriver.lambda$new$1(EventFiringWebDriver.java:105)at com.sun.proxy.$Proxy7.getScreenshotAs(Unknown Source)at org.openqa.selenium.support.events.EventFiringWebDriver.getScreenshotAs(EventFiringWebDriver.java:286)at com.redhu.Util.TestUtil.takeScreenshotAtEndOfTest(TestUtil.java:25)at com.redhu.Util.WebEventListener.onException(WebEventListener.java:62)at sun.reflect.GeneratedMethodAccessor1.invoke(Unknown Source)at sun.reflect.DelegatingMethodAccessorImpl.invoke(Unknown Source)at java.lang.reflect.Method.invoke(Unknown Source)at org.openqa.selenium.support.events.EventFiringWebDriver.lambda$new$0(EventFiringWebDriver.java:82)at com.sun.proxy.$Proxy6.onException(Unknown Source)at org.openqa.selenium.support.events.EventFiringWebDriver.lambda$new$1(EventFiringWebDriver.java:105)at com.sun.proxy.$Proxy7.getScreenshotAs(Unknown Source)at org.openqa.selenium.support.events.EventFiringWebDriver.getScreenshotAs(EventFiringWebDriver.java:286)at com.redhu.Util.TestUtil.takeScreenshotAtEndOfTest(TestUtil.java:25)at com.redhu.Util.WebEventListener.onException(WebEventListener.java:62)at sun.reflect.GeneratedMethodAccessor1.invoke(Unknown Source)at sun.reflect.DelegatingMethodAccessorImpl.invoke(Unknown Source)at java.lang.reflect.Method.invoke(Unknown Source)at org.openqa.selenium.support.events.EventFiringWebDriver.lambda$new$0(EventFiringWebDriver.java:82)at com.sun.proxy.$Proxy6.onException(Unknown Source)at org.openqa.selenium.support.events.EventFiringWebDriver.lambda$new$1(EventFiringWebDriver.java:105)at com.sun.proxy.$Proxy7.getScreenshotAs(Unknown Source)at org.openqa.selenium.support.events.EventFiringWebDriver.getScreenshotAs(EventFiringWebDriver.java:286)at com.redhu.Util.TestUtil.takeScreenshotAtEndOfTest(TestUtil.java:25)at com.redhu.Util.WebEventListener.onException(WebEventListener.java:62)at sun.reflect.GeneratedMethodAccessor1.invoke(Unknown Source)at sun.reflect.DelegatingMethodAccessorImpl.invoke(Unknown Source)at java.lang.reflect.Method.invoke(Unknown Source)at org.openqa.selenium.support.events.EventFiringWebDriver.lambda$new$0(EventFiringWebDriver.java:82)at com.sun.proxy.$Proxy6.onException(Unknown Source)at org.openqa.selenium.support.events.EventFiringWebDriver.lambda$new$1(EventFiringWebDriver.java:105)at com.sun.proxy.$Proxy7.getScreenshotAs(Unknown Source)at org.openqa.selenium.support.events.EventFiringWebDriver.getScreenshotAs(EventFiringWebDriver.java:286)at com.redhu.Util.TestUtil.takeScreenshotAtEndOfTest(TestUtil.java:25)at com.redhu.Util.WebEventListener.onException(WebEventListener.java:62)at sun.reflect.GeneratedMethodAccessor1.invoke(Unknown Source)at sun.reflect.DelegatingMethodAccessorImpl.invoke(Unknown Source)at java.lang.reflect.Method.invoke(Unknown Source)at org.openqa.selenium.support.events.EventFiringWebDriver.lambda$new$0(EventFiringWebDriver.java:82)at com.sun.proxy.$Proxy6.onException(Unknown Source)at org.openqa.selenium.support.events.EventFiringWebDriver.lambda$new$1(EventFiringWebDriver.java:105)at com.sun.proxy.$Proxy7.getScreenshotAs(Unknown Source)at org.openqa.selenium.support.events.EventFiringWebDriver.getScreenshotAs(EventFiringWebDriver.java:286)at com.redhu.Util.TestUtil.takeScreenshotAtEndOfTest(TestUtil.java:25)at com.redhu.Util.WebEventListener.onException(WebEventListener.java:62)at sun.reflect.GeneratedMethodAccessor1.invoke(Unknown Source)at sun.reflect.DelegatingMethodAccessorImpl.invoke(Unknown Source)at java.lang.reflect.Method.invoke(Unknown Source)at org.openqa.selenium.support.events.EventFiringWebDriver.lambda$new$0(EventFiringWebDriver.java:82)at com.sun.proxy.$Proxy6.onException(Unknown Source)at org.openqa.selenium.support.events.EventFiringWebDriver.lambda$new$1(EventFiringWebDriver.java:105)at com.sun.proxy.$Proxy7.getScreenshotAs(Unknown Source)at org.openqa.selenium.support.events.EventFiringWebDriver.getScreenshotAs(EventFiringWebDriver.java:286)at com.redhu.Util.TestUtil.takeScreenshotAtEndOfTest(TestUtil.java:25)at com.redhu.Util.WebEventListener.onException(WebEventListener.java:62)at sun.reflect.GeneratedMethodAccessor1.invoke(Unknown Source)at sun.reflect.DelegatingMethodAccessorImpl.invoke(Unknown Source)at java.lang.reflect.Method.invoke(Unknown Source)at org.openqa.selenium.support.events.EventFiringWebDriver.lambda$new$0(EventFiringWebDriver.java:82)at com.sun.proxy.$Proxy6.onException(Unknown Source)at org.openqa.selenium.support.events.EventFiringWebDriver.lambda$new$1(EventFiringWebDriver.java:105)at com.sun.proxy.$Proxy7.getScreenshotAs(Unknown Source)at org.openqa.selenium.support.events.EventFiringWebDriver.getScreenshotAs(EventFiringWebDriver.java:286)at com.redhu.Util.TestUtil.takeScreenshotAtEndOfTest(TestUtil.java:25)at com.redhu.Util.WebEventListener.onException(WebEventListener.java:62)at sun.reflect.GeneratedMethodAccessor1.invoke(Unknown Source)at sun.reflect.DelegatingMethodAccessorImpl.invoke(Unknown Source)at java.lang.reflect.Method.invoke(Unknown Source)at org.openqa.selenium.support.events.EventFiringWebDriver.lambda$new$0(EventFiringWebDriver.java:82)at com.sun.proxy.$Proxy6.onException(Unknown Source)at org.openqa.selenium.support.events.EventFiringWebDriver.lambda$new$1(EventFiringWebDriver.java:105)at com.sun.proxy.$Proxy7.getScreenshotAs(Unknown Source)at org.openqa.selenium.support.events.EventFiringWebDriver.getScreenshotAs(EventFiringWebDriver.java:286)at com.redhu.Util.TestUtil.takeScreenshotAtEndOfTest(TestUtil.java:25)at com.redhu.Util.WebEventListener.onException(WebEventListener.java:62)at sun.reflect.GeneratedMethodAccessor1.invoke(Unknown Source)at sun.reflect.DelegatingMethodAccessorImpl.invoke(Unknown Source)at java.lang.reflect.Method.invoke(Unknown Source)at org.openqa.selenium.support.events.EventFiringWebDriver.lambda$new$0(EventFiringWebDriver.java:82)at com.sun.proxy.$Proxy6.onException(Unknown Source)at org.openqa.selenium.support.events.EventFiringWebDriver.lambda$new$1(EventFiringWebDriver.java:105)at com.sun.proxy.$Proxy7.getScreenshotAs(Unknown Source)at org.openqa.selenium.support.events.EventFiringWebDriver.getScreenshotAs(EventFiringWebDriver.java:286)at com.redhu.Util.TestUtil.takeScreenshotAtEndOfTest(TestUtil.java:25)at com.redhu.Util.WebEventListener.onException(WebEventListener.java:62)at sun.reflect.GeneratedMethodAccessor1.invoke(Unknown Source)at sun.reflect.DelegatingMethodAccessorImpl.invoke(Unknown Source)at java.lang.reflect.Method.invoke(Unknown Source)at org.openqa.selenium.support.events.EventFiringWebDriver.lambda$new$0(EventFiringWebDriver.java:82)at com.sun.proxy.$Proxy6.onException(Unknown Source)at org.openqa.selenium.support.events.EventFiringWebDriver.lambda$new$1(EventFiringWebDriver.java:105)at com.sun.proxy.$Proxy7.getScreenshotAs(Unknown Source)at org.openqa.selenium.support.events.EventFiringWebDriver.getScreenshotAs(EventFiringWebDriver.java:286)at com.redhu.Util.TestUtil.takeScreenshotAtEndOfTest(TestUtil.java:25)at com.redhu.Util.WebEventListener.onException(WebEventListener.java:62)at sun.reflect.GeneratedMethodAccessor1.invoke(Unknown Source)at sun.reflect.DelegatingMethodAccessorImpl.invoke(Unknown Source)at java.lang.reflect.Method.invoke(Unknown Source)at org.openqa.selenium.support.events.EventFiringWebDriver.lambda$new$0(EventFiringWebDriver.java:82)at com.sun.proxy.$Proxy6.onException(Unknown Source)at org.openqa.selenium.support.events.EventFiringWebDriver.lambda$new$1(EventFiringWebDriver.java:105)at com.sun.proxy.$Proxy7.getScreenshotAs(Unknown Source)at org.openqa.selenium.support.events.EventFiringWebDriver.getScreenshotAs(EventFiringWebDriver.java:286)at com.redhu.Util.TestUtil.takeScreenshotAtEndOfTest(TestUtil.java:25)at com.redhu.Util.WebEventListener.onException(WebEventListener.java:62)at sun.reflect.GeneratedMethodAccessor1.invoke(Unknown Source)at sun.reflect.DelegatingMethodAccessorImpl.invoke(Unknown Source)at java.lang.reflect.Method.invoke(Unknown Source)at org.openqa.selenium.support.events.EventFiringWebDriver.lambda$new$0(EventFiringWebDriver.java:82)at com.sun.proxy.$Proxy6.onException(Unknown Source)at org.openqa.selenium.support.events.EventFiringWebDriver.lambda$new$1(EventFiringWebDriver.java:105)at com.sun.proxy.$Proxy7.getScreenshotAs(Unknown Source)at org.openqa.selenium.support.events.EventFiringWebDriver.getScreenshotAs(EventFiringWebDriver.java:286)at com.redhu.Util.TestUtil.takeScreenshotAtEndOfTest(TestUtil.java:25)at com.redhu.Util.WebEventListener.onException(WebEventListener.java:62)at sun.reflect.GeneratedMethodAccessor1.invoke(Unknown Source)at sun.reflect.DelegatingMethodAccessorImpl.invoke(Unknown Source)at java.lang.reflect.Method.invoke(Unknown Source)at org.openqa.selenium.support.events.EventFiringWebDriver.lambda$new$0(EventFiringWebDriver.java:82)at com.sun.proxy.$Proxy6.onException(Unknown Source)at org.openqa.selenium.support.events.EventFiringWebDriver.lambda$new$1(EventFiringWebDriver.java:105)at com.sun.proxy.$Proxy7.getScreenshotAs(Unknown Source)at org.openqa.selenium.support.events.EventFiringWebDriver.getScreenshotAs(EventFiringWebDriver.java:286)at com.redhu.Util.TestUtil.takeScreenshotAtEndOfTest(TestUtil.java:25)at com.redhu.Util.WebEventListener.onException(WebEventListener.java:62)at sun.reflect.GeneratedMethodAccessor1.invoke(Unknown Source)at sun.reflect.DelegatingMethodAccessorImpl.invoke(Unknown Source)at java.lang.reflect.Method.invoke(Unknown Source)at org.openqa.selenium.support.events.EventFiringWebDriver.lambda$new$0(EventFiringWebDriver.java:82)at com.sun.proxy.$Proxy6.onException(Unknown Source)at org.openqa.selenium.support.events.EventFiringWebDriver.lambda$new$1(EventFiringWebDriver.java:105)at com.sun.proxy.$Proxy7.getScreenshotAs(Unknown Source)at org.openqa.selenium.support.events.EventFiringWebDriver.getScreenshotAs(EventFiringWebDriver.java:286)at com.redhu.Util.TestUtil.takeScreenshotAtEndOfTest(TestUtil.java:25)at com.redhu.Util.WebEventListener.onException(WebEventListener.java:62)at sun.reflect.GeneratedMethodAccessor1.invoke(Unknown Source)at sun.reflect.DelegatingMethodAccessorImpl.invoke(Unknown Source)at java.lang.reflect.Method.invoke(Unknown Source)at org.openqa.selenium.support.events.EventFiringWebDriver.lambda$new$0(EventFiringWebDriver.java:82)at com.sun.proxy.$Proxy6.onException(Unknown Source)at org.openqa.selenium.support.events.EventFiringWebDriver.lambda$new$1(EventFiringWebDriver.java:105)at com.sun.proxy.$Proxy7.getScreenshotAs(Unknown Source)at org.openqa.selenium.support.events.EventFiringWebDriver.getScreenshotAs(EventFiringWebDriver.java:286)at com.redhu.Util.TestUtil.takeScreenshotAtEndOfTest(TestUtil.java:25)at com.redhu.Util.WebEventListener.onException(WebEventListener.java:62)at sun.reflect.GeneratedMethodAccessor1.invoke(Unknown Source)at sun.reflect.DelegatingMethodAccessorImpl.invoke(Unknown Source)at java.lang.reflect.Method.invoke(Unknown Source)at org.openqa.selenium.support.events.EventFiringWebDriver.lambda$new$0(EventFiringWebDriver.java:82)at com.sun.proxy.$Proxy6.onException(Unknown Source)at org.openqa.selenium.support.events.EventFiringWebDriver.lambda$new$1(EventFiringWebDriver.java:105)at com.sun.proxy.$Proxy7.getScreenshotAs(Unknown Source)at org.openqa.selenium.support.events.EventFiringWebDriver.getScreenshotAs(EventFiringWebDriver.java:286)at com.redhu.Util.TestUtil.takeScreenshotAtEndOfTest(TestUtil.java:25)at com.redhu.Util.WebEventListener.onException(WebEventListener.java:62)at sun.reflect.GeneratedMethodAccessor1.invoke(Unknown Source)at sun.reflect.DelegatingMethodAccessorImpl.invoke(Unknown Source)at java.lang.reflect.Method.invoke(Unknown Source)at org.openqa.selenium.support.events.EventFiringWebDriver.lambda$new$0(EventFiringWebDriver.java:82)at com.sun.proxy.$Proxy6.onException(Unknown Source)at org.openqa.selenium.support.events.EventFiringWebDriver.lambda$new$1(EventFiringWebDriver.java:105)at com.sun.proxy.$Proxy7.getScreenshotAs(Unknown Source)at org.openqa.selenium.support.events.EventFiringWebDriver.getScreenshotAs(EventFiringWebDriver.java:286)at com.redhu.Util.TestUtil.takeScreenshotAtEndOfTest(TestUtil.java:25)at com.redhu.Util.WebEventListener.onException(WebEventListener.java:62)at sun.reflect.GeneratedMethodAccessor1.invoke(Unknown Source)at sun.reflect.DelegatingMethodAccessorImpl.invoke(Unknown Source)at java.lang.reflect.Method.invoke(Unknown Source)at org.openqa.selenium.support.events.EventFiringWebDriver.lambda$new$0(EventFiringWebDriver.java:82)at com.sun.proxy.$Proxy6.onException(Unknown Source)at org.openqa.selenium.support.events.EventFiringWebDriver.lambda$new$1(EventFiringWebDriver.java:105)at com.sun.proxy.$Proxy7.getScreenshotAs(Unknown Source)at org.openqa.selenium.support.events.EventFiringWebDriver.getScreenshotAs(EventFiringWebDriver.java:286)at com.redhu.Util.TestUtil.takeScreenshotAtEndOfTest(TestUtil.java:25)at com.redhu.Util.WebEventListener.onException(WebEventListener.java:62)at sun.reflect.GeneratedMethodAccessor1.invoke(Unknown Source)at sun.reflect.DelegatingMethodAccessorImpl.invoke(Unknown Source)at java.lang.reflect.Method.invoke(Unknown Source)at org.openqa.selenium.support.events.EventFiringWebDriver.lambda$new$0(EventFiringWebDriver.java:82)at com.sun.proxy.$Proxy6.onException(Unknown Source)at org.openqa.selenium.support.events.EventFiringWebDriver.lambda$new$1(EventFiringWebDriver.java:105)at com.sun.proxy.$Proxy7.getScreenshotAs(Unknown Source)at org.openqa.selenium.support.events.EventFiringWebDriver.getScreenshotAs(EventFiringWebDriver.java:286)at com.redhu.Util.TestUtil.takeScreenshotAtEndOfTest(TestUtil.java:25)at com.redhu.Util.WebEventListener.onException(WebEventListener.java:62)at sun.reflect.GeneratedMethodAccessor1.invoke(Unknown Source)at sun.reflect.DelegatingMethodAccessorImpl.invoke(Unknown Source)at java.lang.reflect.Method.invoke(Unknown Source)at org.openqa.selenium.support.events.EventFiringWebDriver.lambda$new$0(EventFiringWebDriver.java:82)at com.sun.proxy.$Proxy6.onException(Unknown Source)at org.openqa.selenium.support.events.EventFiringWebDriver.lambda$new$1(EventFiringWebDriver.java:105)at com.sun.proxy.$Proxy7.getScreenshotAs(Unknown Source)at org.openqa.selenium.support.events.EventFiringWebDriver.getScreenshotAs(EventFiringWebDriver.java:286)at com.redhu.Util.TestUtil.takeScreenshotAtEndOfTest(TestUtil.java:25)at com.redhu.Util.WebEventListener.onException(WebEventListener.java:62)at sun.reflect.GeneratedMethodAccessor1.invoke(Unknown Source)at sun.reflect.DelegatingMethodAccessorImpl.invoke(Unknown Source)at java.lang.reflect.Method.invoke(Unknown Source)at org.openqa.selenium.support.events.EventFiringWebDriver.lambda$new$0(EventFiringWebDriver.java:82)at com.sun.proxy.$Proxy6.onException(Unknown Source)at org.openqa.selenium.support.events.EventFiringWebDriver.lambda$new$1(EventFiringWebDriver.java:105)at com.sun.proxy.$Proxy7.getScreenshotAs(Unknown Source)at org.openqa.selenium.support.events.EventFiringWebDriver.getScreenshotAs(EventFiringWebDriver.java:286)at com.redhu.Util.TestUtil.takeScreenshotAtEndOfTest(TestUtil.java:25)at com.redhu.Util.WebEventListener.onException(WebEventListener.java:62)at sun.reflect.GeneratedMethodAccessor1.invoke(Unknown Source)at sun.reflect.DelegatingMethodAccessorImpl.invoke(Unknown Source)at java.lang.reflect.Method.invoke(Unknown Source)at org.openqa.selenium.support.events.EventFiringWebDriver.lambda$new$0(EventFiringWebDriver.java:82)at com.sun.proxy.$Proxy6.onException(Unknown Source)at org.openqa.selenium.support.events.EventFiringWebDriver.lambda$new$1(EventFiringWebDriver.java:105)at com.sun.proxy.$Proxy7.getScreenshotAs(Unknown Source)at org.openqa.selenium.support.events.EventFiringWebDriver.getScreenshotAs(EventFiringWebDriver.java:286)at com.redhu.Util.TestUtil.takeScreenshotAtEndOfTest(TestUtil.java:25)at com.redhu.Util.WebEventListener.onException(WebEventListener.java:62)at sun.reflect.GeneratedMethodAccessor1.invoke(Unknown Source)at sun.reflect.DelegatingMethodAccessorImpl.invoke(Unknown Source)at java.lang.reflect.Method.invoke(Unknown Source)at org.openqa.selenium.support.events.EventFiringWebDriver.lambda$new$0(EventFiringWebDriver.java:82)at com.sun.proxy.$Proxy6.onException(Unknown Source)at org.openqa.selenium.support.events.EventFiringWebDriver.lambda$new$1(EventFiringWebDriver.java:105)at com.sun.proxy.$Proxy7.getScreenshotAs(Unknown Source)at org.openqa.selenium.support.events.EventFiringWebDriver.getScreenshotAs(EventFiringWebDriver.java:286)at com.redhu.Util.TestUtil.takeScreenshotAtEndOfTest(TestUtil.java:25)at com.redhu.Util.WebEventListener.onException(WebEventListener.java:62)at sun.reflect.GeneratedMethodAccessor1.invoke(Unknown Source)at sun.reflect.DelegatingMethodAccessorImpl.invoke(Unknown Source)at java.lang.reflect.Method.invoke(Unknown Source)at org.openqa.selenium.support.events.EventFiringWebDriver.lambda$new$0(EventFiringWebDriver.java:82)at com.sun.proxy.$Proxy6.onException(Unknown Source)at org.openqa.selenium.support.events.EventFiringWebDriver.lambda$new$1(EventFiringWebDriver.java:105)at com.sun.proxy.$Proxy7.getScreenshotAs(Unknown Source)at org.openqa.selenium.support.events.EventFiringWebDriver.getScreenshotAs(EventFiringWebDriver.java:286)at com.redhu.Util.TestUtil.takeScreenshotAtEndOfTest(TestUtil.java:25)at com.redhu.Util.WebEventListener.onException(WebEventListener.java:62)at sun.reflect.GeneratedMethodAccessor1.invoke(Unknown Source)at sun.reflect.DelegatingMethodAccessorImpl.invoke(Unknown Source)at java.lang.reflect.Method.invoke(Unknown Source)at org.openqa.selenium.support.events.EventFiringWebDriver.lambda$new$0(EventFiringWebDriver.java:82)at com.sun.proxy.$Proxy6.onException(Unknown Source)at org.openqa.selenium.support.events.EventFiringWebDriver.lambda$new$1(EventFiringWebDriver.java:105)at com.sun.proxy.$Proxy7.getScreenshotAs(Unknown Source)at org.openqa.selenium.support.events.EventFiringWebDriver.getScreenshotAs(EventFiringWebDriver.java:286)at com.redhu.Util.TestUtil.takeScreenshotAtEndOfTest(TestUtil.java:25)at com.redhu.Util.WebEventListener.onException(WebEventListener.java:62)at sun.reflect.GeneratedMethodAccessor1.invoke(Unknown Source)at sun.reflect.DelegatingMethodAccessorImpl.invoke(Unknown Source)at java.lang.reflect.Method.invoke(Unknown Source)at org.openqa.selenium.support.events.EventFiringWebDriver.lambda$new$0(EventFiringWebDriver.java:82)at com.sun.proxy.$Proxy6.onException(Unknown Source)at org.openqa.selenium.support.events.EventFiringWebDriver.lambda$new$1(EventFiringWebDriver.java:105)at com.sun.proxy.$Proxy7.getScreenshotAs(Unknown Source)at org.openqa.selenium.support.events.EventFiringWebDriver.getScreenshotAs(EventFiringWebDriver.java:286)at com.redhu.Util.TestUtil.takeScreenshotAtEndOfTest(TestUtil.java:25)at com.redhu.Util.WebEventListener.onException(WebEventListener.java:62)at sun.reflect.GeneratedMethodAccessor1.invoke(Unknown Source)at sun.reflect.DelegatingMethodAccessorImpl.invoke(Unknown Source)at java.lang.reflect.Method.invoke(Unknown Source)at org.openqa.selenium.support.events.EventFiringWebDriver.lambda$new$0(EventFiringWebDriver.java:82)at com.sun.proxy.$Proxy6.onException(Unknown Source)]]>
    </error>
  </testcase> <!-- verifyUserRerutnToLoginScreen -->
  <testcase name="verifyForgotPasswordEmailSent" classname="com.HrOnBoarding.QA.TestCases.ForgotPasswordScreenTest">
    <skipped/>
  </testcase> <!-- verifyForgotPasswordEmailSent -->
  <testcase name="verifyForgotPasswordScreenDefaultText" classname="com.HrOnBoarding.QA.TestCases.ForgotPasswordScreenTest">
    <skipped/>
  </testcase> <!-- verifyForgotPasswordScreenDefaultText -->
</testsuite> <!-- com.HrOnBoarding.QA.TestCases.ForgotPasswordScreenTest -->
