<?xml version="1.0" encoding="UTF-8"?>
<!-- Generated by org.testng.reporters.JUnitReportReporter -->
<testsuite skipped="0" hostname="KT-PCLAP-004" name="com.HrOnBoarding.QA.TestCases.AdminLoginTest" tests="3" failures="0" timestamp="14 Jun 2018 13:13:11 GMT" time="71.880" errors="0">
  <testcase name="verifyAdminLogin" time="22.586" classname="com.HrOnBoarding.QA.TestCases.AdminLoginTest"/>
  <testcase name="verifyRememberMeLinkIsAvailable" time="20.498" classname="com.HrOnBoarding.QA.TestCases.AdminLoginTest"/>
  <testcase name="verifyForgotPasswordLinkIsAvailable" time="28.796" classname="com.HrOnBoarding.QA.TestCases.AdminLoginTest"/>
</testsuite> <!-- com.HrOnBoarding.QA.TestCases.AdminLoginTest -->
