<?xml version="1.0" encoding="UTF-8"?>
<!-- Generated by org.testng.reporters.JUnitReportReporter -->
<testsuite skipped="0" hostname="KT-PC-030" name="j123.Administrator_Test_Case" tests="1" failures="0" timestamp="28 Jun 2018 10:33:46 GMT" time="33.452" errors="0">
  <testcase name="AdministratorLogin" time="33.452" classname="j123.Administrator_Test_Case"/>
</testsuite> <!-- j123.Administrator_Test_Case -->
